Project OOP/AjaibMusicStudio/app/build/intermediates/manifest_merge_blame_file/debug/manifest-merger-blame-debug-report.txt
1<?xml version="1.0" encoding="utf-8"?>
2<manifest xmlns:android="http://schemas.android.com/apk/res/android"
3    package="com.example.ajaibmusicstudio"
4    android:versionCode="1"
5    android:versionName="1.0" >
6
7    <uses-sdk
8        android:minSdkVersion="23"
8-->src\main\AndroidManifest.xml
9        android:targetSdkVersion="33" />
9-->src\main\AndroidManifest.xml
10
11    <permission
11-->[androidx.core:core:1.9.0] AndroidManifest.xml:22:5-24:47
12        android:name="com.example.ajaibmusicstudio.DYNAMIC_RECEIVER_NOT_EXPORTED_PERMISSION"
12-->[androidx.core:core:1.9.0] AndroidManifest.xml:23:9-81
13        android:protectionLevel="signature" />
13-->[androidx.core:core:1.9.0] AndroidManifest.xml:24:9-44
14
15    <uses-permission android:name="com.example.ajaibmusicstudio.DYNAMIC_RECEIVER_NOT_EXPORTED_PERMISSION" />
15-->[androidx.core:core:1.9.0] AndroidManifest.xml:26:5-97
15-->[androidx.core:core:1.9.0] AndroidManifest.xml:26:22-94
16
17    <application
17-->src\main\AndroidManifest.xml:5:5-114:19
18        android:allowBackup="true"
18-->src\main\AndroidManifest.xml:6:9-35
19        android:appComponentFactory="androidx.core.app.CoreComponentFactory"
19-->[androidx.core:core:1.9.0] AndroidManifest.xml:28:18-86
20        android:dataExtractionRules="@xml/data_extraction_rules"
20-->src\main\AndroidManifest.xml:7:9-65
21        android:debuggable="true"
22        android:extractNativeLibs="false"
23        android:fullBackupContent="@xml/backup_rules"
23-->src\main\AndroidManifest.xml:8:9-54
24        android:icon="@mipmap/ic_launcher"
24-->src\main\AndroidManifest.xml:9:9-43
25        android:label="@string/app_name"
25-->src\main\AndroidManifest.xml:10:9-41
26        android:roundIcon="@mipmap/ic_launcher_round"
26-->src\main\AndroidManifest.xml:11:9-54
27        android:supportsRtl="true"
27-->src\main\AndroidManifest.xml:12:9-35
28        android:testOnly="true"
29        android:theme="@style/Theme.AjaibMusicStudio" >
29-->src\main\AndroidManifest.xml:13:9-54
30        <activity
30-->src\main\AndroidManifest.xml:15:9-21:20
31            android:name="com.example.ajaibmusicstudio.bookingRoomCustomer"
31-->src\main\AndroidManifest.xml:16:13-48
32            android:exported="false" >
32-->src\main\AndroidManifest.xml:17:13-37
33            <meta-data
33-->src\main\AndroidManifest.xml:18:13-20:36
34                android:name="android.app.lib_name"
34-->src\main\AndroidManifest.xml:19:17-52
35                android:value="" />
35-->src\main\AndroidManifest.xml:20:17-33
36        </activity>
37        <activity
37-->src\main\AndroidManifest.xml:22:9-28:20
38            android:name="com.example.ajaibmusicstudio.selectionRoomType"
38-->src\main\AndroidManifest.xml:23:13-46
39            android:exported="false" >
39-->src\main\AndroidManifest.xml:24:13-37
40            <meta-data
40-->src\main\AndroidManifest.xml:18:13-20:36
41                android:name="android.app.lib_name"
41-->src\main\AndroidManifest.xml:19:17-52
42                android:value="" />
42-->src\main\AndroidManifest.xml:20:17-33
43        </activity>
44        <activity
44-->src\main\AndroidManifest.xml:29:9-35:20
45            android:name="com.example.ajaibmusicstudio.vipRoomList"
45-->src\main\AndroidManifest.xml:30:13-40
46            android:exported="false" >
46-->src\main\AndroidManifest.xml:31:13-37
47            <meta-data
47-->src\main\AndroidManifest.xml:18:13-20:36
48                android:name="android.app.lib_name"
48-->src\main\AndroidManifest.xml:19:17-52
49                android:value="" />
49-->src\main\AndroidManifest.xml:20:17-33
50        </activity>
51        <activity
51-->src\main\AndroidManifest.xml:36:9-42:20
52            android:name="com.example.ajaibmusicstudio.regularRoomList"
52-->src\main\AndroidManifest.xml:37:13-44
53            android:exported="false" >
53-->src\main\AndroidManifest.xml:38:13-37
54            <meta-data
54-->src\main\AndroidManifest.xml:18:13-20:36
55                android:name="android.app.lib_name"
55-->src\main\AndroidManifest.xml:19:17-52
56                android:value="" />
56-->src\main\AndroidManifest.xml:20:17-33
57        </activity>
58        <activity
58-->src\main\AndroidManifest.xml:43:9-51:20
59            android:name="com.example.ajaibmusicstudio.regularRoom"
59-->src\main\AndroidManifest.xml:44:13-40
60            android:exported="false"
60-->src\main\AndroidManifest.xml:45:13-37
61            android:label="@string/title_activity_regular_room"
61-->src\main\AndroidManifest.xml:46:13-64
62            android:theme="@style/Theme.AjaibMusicStudio.NoActionBar" >
62-->src\main\AndroidManifest.xml:47:13-70
63            <meta-data
63-->src\main\AndroidManifest.xml:18:13-20:36
64                android:name="android.app.lib_name"
64-->src\main\AndroidManifest.xml:19:17-52
65                android:value="" />
65-->src\main\AndroidManifest.xml:20:17-33
66        </activity>
67        <activity
67-->src\main\AndroidManifest.xml:52:9-58:20
68            android:name="com.example.ajaibmusicstudio.Activity.MainActivityAdmin"
68-->src\main\AndroidManifest.xml:53:13-55
69            android:exported="false" >
69-->src\main\AndroidManifest.xml:54:13-37
70            <meta-data
70-->src\main\AndroidManifest.xml:18:13-20:36
71                android:name="android.app.lib_name"
71-->src\main\AndroidManifest.xml:19:17-52
72                android:value="" />
72-->src\main\AndroidManifest.xml:20:17-33
73        </activity>
74        <activity
74-->src\main\AndroidManifest.xml:59:9-65:20
75            android:name="com.example.ajaibmusicstudio.Activity.MainActivityCustomer"
75-->src\main\AndroidManifest.xml:60:13-58
76            android:exported="false" >
76-->src\main\AndroidManifest.xml:61:13-37
77            <meta-data
77-->src\main\AndroidManifest.xml:18:13-20:36
78                android:name="android.app.lib_name"
78-->src\main\AndroidManifest.xml:19:17-52
79                android:value="" />
79-->src\main\AndroidManifest.xml:20:17-33
80        </activity>
81        <activity
81-->src\main\AndroidManifest.xml:66:9-72:20
82            android:name="com.example.ajaibmusicstudio.Activity.RegisterSuccesPage"
82-->src\main\AndroidManifest.xml:67:13-56
83            android:exported="false" >
83-->src\main\AndroidManifest.xml:68:13-37
84            <meta-data
84-->src\main\AndroidManifest.xml:18:13-20:36
85                android:name="android.app.lib_name"
85-->src\main\AndroidManifest.xml:19:17-52
86                android:value="" />
86-->src\main\AndroidManifest.xml:20:17-33
87        </activity>
88        <activity
88-->src\main\AndroidManifest.xml:73:9-79:20
89            android:name="com.example.ajaibmusicstudio.Activity.RegisterPage"
89-->src\main\AndroidManifest.xml:74:13-50
90            android:exported="false" >
90-->src\main\AndroidManifest.xml:75:13-37
91            <meta-data
91-->src\main\AndroidManifest.xml:18:13-20:36
92                android:name="android.app.lib_name"
92-->src\main\AndroidManifest.xml:19:17-52
93                android:value="" />
93-->src\main\AndroidManifest.xml:20:17-33
94        </activity>
95        <activity
95-->src\main\AndroidManifest.xml:80:9-86:20
96            android:name="com.example.ajaibmusicstudio.Activity.AdminLoginPage"
96-->src\main\AndroidManifest.xml:81:13-52
97            android:exported="false" >
97-->src\main\AndroidManifest.xml:82:13-37
98            <meta-data
98-->src\main\AndroidManifest.xml:18:13-20:36
99                android:name="android.app.lib_name"
99-->src\main\AndroidManifest.xml:19:17-52
100                android:value="" />
100-->src\main\AndroidManifest.xml:20:17-33
101        </activity>
102        <activity
102-->src\main\AndroidManifest.xml:87:9-93:20
103            android:name="com.example.ajaibmusicstudio.Activity.CustomerLoginPage"
103-->src\main\AndroidManifest.xml:88:13-55
104            android:exported="false" >
104-->src\main\AndroidManifest.xml:89:13-37
105            <meta-data
105-->src\main\AndroidManifest.xml:18:13-20:36
106                android:name="android.app.lib_name"
106-->src\main\AndroidManifest.xml:19:17-52
107                android:value="" />
107-->src\main\AndroidManifest.xml:20:17-33
108        </activity>
109        <activity
109-->src\main\AndroidManifest.xml:94:9-100:20
110            android:name="com.example.ajaibmusicstudio.Activity.LoginSelection"
110-->src\main\AndroidManifest.xml:95:13-52
111            android:exported="false" >
111-->src\main\AndroidManifest.xml:96:13-37
112            <meta-data
112-->src\main\AndroidManifest.xml:18:13-20:36
113                android:name="android.app.lib_name"
113-->src\main\AndroidManifest.xml:19:17-52
114                android:value="" />
114-->src\main\AndroidManifest.xml:20:17-33
115        </activity>
116        <activity
116-->src\main\AndroidManifest.xml:101:9-113:20
117            android:name="com.example.ajaibmusicstudio.Activity.MainActivity"
117-->src\main\AndroidManifest.xml:102:13-50
118            android:exported="true" >
118-->src\main\AndroidManifest.xml:103:13-36
119            <intent-filter>
119-->src\main\AndroidManifest.xml:104:13-108:29
120                <action android:name="android.intent.action.MAIN" />
120-->src\main\AndroidManifest.xml:105:17-69
120-->src\main\AndroidManifest.xml:105:25-66
121
122                <category android:name="android.intent.category.LAUNCHER" />
122-->src\main\AndroidManifest.xml:107:17-77
122-->src\main\AndroidManifest.xml:107:27-74
123            </intent-filter>
124
125            <meta-data
125-->src\main\AndroidManifest.xml:18:13-20:36
126                android:name="android.app.lib_name"
126-->src\main\AndroidManifest.xml:19:17-52
127                android:value="" />
127-->src\main\AndroidManifest.xml:20:17-33
128        </activity>
129
130        <provider
130-->[androidx.emoji2:emoji2:1.2.0] AndroidManifest.xml:24:9-32:20
131            android:name="androidx.startup.InitializationProvider"
131-->[androidx.emoji2:emoji2:1.2.0] AndroidManifest.xml:25:13-67
132            android:authorities="com.example.ajaibmusicstudio.androidx-startup"
132-->[androidx.emoji2:emoji2:1.2.0] AndroidManifest.xml:26:13-68
133            android:exported="false" >
133-->[androidx.emoji2:emoji2:1.2.0] AndroidManifest.xml:27:13-37
134            <meta-data
134-->[androidx.emoji2:emoji2:1.2.0] AndroidManifest.xml:29:13-31:52
135                android:name="androidx.emoji2.text.EmojiCompatInitializer"
135-->[androidx.emoji2:emoji2:1.2.0] AndroidManifest.xml:30:17-75
136                android:value="androidx.startup" />
136-->[androidx.emoji2:emoji2:1.2.0] AndroidManifest.xml:31:17-49
137            <meta-data
137-->[androidx.lifecycle:lifecycle-process:2.4.1] AndroidManifest.xml:31:13-33:52
138                android:name="androidx.lifecycle.ProcessLifecycleInitializer"
138-->[androidx.lifecycle:lifecycle-process:2.4.1] AndroidManifest.xml:32:17-78
139                android:value="androidx.startup" />
139-->[androidx.lifecycle:lifecycle-process:2.4.1] AndroidManifest.xml:33:17-49
140        </provider>
141
142        <uses-library
142-->[androidx.window:window:1.0.0] AndroidManifest.xml:25:9-27:40
143            android:name="androidx.window.extensions"
143-->[androidx.window:window:1.0.0] AndroidManifest.xml:26:13-54
144            android:required="false" />
144-->[androidx.window:window:1.0.0] AndroidManifest.xml:27:13-37
145        <uses-library
145-->[androidx.window:window:1.0.0] AndroidManifest.xml:28:9-30:40
146            android:name="androidx.window.sidecar"
146-->[androidx.window:window:1.0.0] AndroidManifest.xml:29:13-51
147            android:required="false" />
147-->[androidx.window:window:1.0.0] AndroidManifest.xml:30:13-37
148    </application>
149
150</manifest>